INFO: 2022-02-18 22:39:32 693 ------ Bundle 对象初始化 length=3 ------
INFO: 2022-02-18 22:39:32 695 	一共有 3 种规格：
INFO: 2022-02-18 22:39:32 696 	 3 - 427.5
INFO: 2022-02-18 22:39:32 697 	 6 - 810.0
INFO: 2022-02-18 22:39:32 699 	 9 - 1147.5
INFO: 2022-02-18 22:39:32 700 ---- FLAC 类型的 initBase，初始化 num-cost Map ----
INFO: 2022-02-18 22:39:32 701 	3 = 给定规格，cost= 427.5
INFO: 2022-02-18 22:39:32 703 	6 = 给定规格，cost= 810.0
INFO: 2022-02-18 22:39:32 705 	9 = 给定规格，cost= 1147.5
INFO: 2022-02-18 22:39:32 707 	1 < 最小规格 3 cost= 427.5
INFO: 2022-02-18 22:39:32 708 	2 < 最小规格 3 cost= 427.5
INFO: 2022-02-18 22:39:32 712 	计算介于之间的其他值
INFO: 2022-02-18 22:39:32 714 ---- minCostBtwIndex 入参 tgtN = 4 preIndex = 0 ----
INFO: 2022-02-18 22:39:32 715 ---- minCostOverIndex 入参 tgtN = 4 preIndex = 0 ----
INFO: 2022-02-18 22:39:32 716 	4 cost= 810.0
INFO: 2022-02-18 22:39:32 717 ---- minCostBtwIndex 入参 tgtN = 5 preIndex = 0 ----
INFO: 2022-02-18 22:39:32 718 ---- minCostOverIndex 入参 tgtN = 5 preIndex = 0 ----
INFO: 2022-02-18 22:39:32 721 	5 cost= 810.0
INFO: 2022-02-18 22:39:32 722 ---- minCostBtwIndex 入参 tgtN = 7 preIndex = 1 ----
INFO: 2022-02-18 22:39:32 723 ---- minCostOverIndex 入参 tgtN = 7 preIndex = 1 ----
INFO: 2022-02-18 22:39:32 724 ---- minCostOverIndex 入参 tgtN = 4 preIndex = 0 ----
INFO: 2022-02-18 22:39:32 726 	7 cost= 1147.5
INFO: 2022-02-18 22:39:32 727 ---- minCostBtwIndex 入参 tgtN = 8 preIndex = 1 ----
INFO: 2022-02-18 22:39:32 730 ---- minCostOverIndex 入参 tgtN = 8 preIndex = 1 ----
INFO: 2022-02-18 22:39:32 732 ---- minCostOverIndex 入参 tgtN = 5 preIndex = 0 ----
INFO: 2022-02-18 22:39:32 733 	8 cost= 1147.5
INFO: 2022-02-18 22:39:32 735 	--> base key = 1 DivideBundle(orderN=1, totalPrice=427.5, divArray=[1, 0, 0])
INFO: 2022-02-18 22:39:32 736 	--> base key = 2 DivideBundle(orderN=2, totalPrice=427.5, divArray=[1, 0, 0])
INFO: 2022-02-18 22:39:32 738 	--> base key = 3 DivideBundle(orderN=3, totalPrice=427.5, divArray=[1, 0, 0])
INFO: 2022-02-18 22:39:32 740 	--> base key = 4 DivideBundle(orderN=4, totalPrice=810.0, divArray=[0, 1, 0])
INFO: 2022-02-18 22:39:32 742 	--> base key = 5 DivideBundle(orderN=5, totalPrice=810.0, divArray=[0, 1, 0])
INFO: 2022-02-18 22:39:32 744 	--> base key = 6 DivideBundle(orderN=6, totalPrice=810.0, divArray=[0, 1, 0])
INFO: 2022-02-18 22:39:32 745 	--> base key = 7 DivideBundle(orderN=7, totalPrice=1147.5, divArray=[0, 0, 1])
INFO: 2022-02-18 22:39:32 746 	--> base key = 8 DivideBundle(orderN=8, totalPrice=1147.5, divArray=[0, 0, 1])
INFO: 2022-02-18 22:39:32 746 	--> base key = 9 DivideBundle(orderN=9, totalPrice=1147.5, divArray=[0, 0, 1])
INFO: 2022-02-18 22:39:32 883 ---- getTotalCost 收到订单：FLAC - 15 件
INFO: 2022-02-18 22:39:32 885 ---- minCostOverIndex 入参 tgtN = 15 preIndex = 2 ----
INFO: 2022-02-18 22:39:32 886 ---- minCostOverIndex 入参 tgtN = 9 preIndex = 1 ----
INFO: 2022-02-18 22:39:32 887 ---- minCostOverIndex 入参 tgtN = 6 preIndex = 0 ----
