INFO: 2022-02-18 22:39:32 609 ------ Bundle 对象初始化 length=2 ------
INFO: 2022-02-18 22:39:32 611 	一共有 2 种规格：
INFO: 2022-02-18 22:39:32 612 	 5 - 450.0
INFO: 2022-02-18 22:39:32 613 	 10 - 800.0
INFO: 2022-02-18 22:39:32 615 ---- IMG 类型的 initBase，初始化 num-cost Map ----
INFO: 2022-02-18 22:39:32 617 	5 = 给定规格，cost= 450.0
INFO: 2022-02-18 22:39:32 618 	10 = 给定规格，cost= 800.0
INFO: 2022-02-18 22:39:32 626 	1 < 最小规格 5 cost= 450.0
INFO: 2022-02-18 22:39:32 627 	2 < 最小规格 5 cost= 450.0
INFO: 2022-02-18 22:39:32 629 	3 < 最小规格 5 cost= 450.0
INFO: 2022-02-18 22:39:32 630 	4 < 最小规格 5 cost= 450.0
INFO: 2022-02-18 22:39:32 631 	计算介于之间的其他值
INFO: 2022-02-18 22:39:32 635 ---- minCostBtwIndex 入参 tgtN = 6 preIndex = 0 ----
INFO: 2022-02-18 22:39:32 637 ---- minCostOverIndex 入参 tgtN = 6 preIndex = 0 ----
INFO: 2022-02-18 22:39:32 639 	6 cost= 800.0
INFO: 2022-02-18 22:39:32 641 ---- minCostBtwIndex 入参 tgtN = 7 preIndex = 0 ----
INFO: 2022-02-18 22:39:32 642 ---- minCostOverIndex 入参 tgtN = 7 preIndex = 0 ----
INFO: 2022-02-18 22:39:32 643 	7 cost= 800.0
INFO: 2022-02-18 22:39:32 644 ---- minCostBtwIndex 入参 tgtN = 8 preIndex = 0 ----
INFO: 2022-02-18 22:39:32 646 ---- minCostOverIndex 入参 tgtN = 8 preIndex = 0 ----
INFO: 2022-02-18 22:39:32 647 	8 cost= 800.0
INFO: 2022-02-18 22:39:32 648 ---- minCostBtwIndex 入参 tgtN = 9 preIndex = 0 ----
INFO: 2022-02-18 22:39:32 649 ---- minCostOverIndex 入参 tgtN = 9 preIndex = 0 ----
INFO: 2022-02-18 22:39:32 650 	9 cost= 800.0
INFO: 2022-02-18 22:39:32 662 	--> base key = 1 DivideBundle(orderN=1, totalPrice=450.0, divArray=[1, 0])
INFO: 2022-02-18 22:39:32 663 	--> base key = 2 DivideBundle(orderN=2, totalPrice=450.0, divArray=[1, 0])
INFO: 2022-02-18 22:39:32 664 	--> base key = 3 DivideBundle(orderN=3, totalPrice=450.0, divArray=[1, 0])
INFO: 2022-02-18 22:39:32 666 	--> base key = 4 DivideBundle(orderN=4, totalPrice=450.0, divArray=[1, 0])
INFO: 2022-02-18 22:39:32 667 	--> base key = 5 DivideBundle(orderN=5, totalPrice=450.0, divArray=[1, 0])
INFO: 2022-02-18 22:39:32 671 	--> base key = 6 DivideBundle(orderN=6, totalPrice=800.0, divArray=[0, 1])
INFO: 2022-02-18 22:39:32 674 	--> base key = 7 DivideBundle(orderN=7, totalPrice=800.0, divArray=[0, 1])
INFO: 2022-02-18 22:39:32 676 	--> base key = 8 DivideBundle(orderN=8, totalPrice=800.0, divArray=[0, 1])
INFO: 2022-02-18 22:39:32 677 	--> base key = 9 DivideBundle(orderN=9, totalPrice=800.0, divArray=[0, 1])
INFO: 2022-02-18 22:39:32 679 	--> base key = 10 DivideBundle(orderN=10, totalPrice=800.0, divArray=[0, 1])
INFO: 2022-02-18 22:39:32 866 ---- getTotalCost 收到订单：IMG - 10 件
INFO: 2022-02-18 22:39:32 875 	小于 最大规格  10 直接从 base 中获取结果并返回
