INFO: 2022-02-18 22:39:32 470 --- initBundles 从文件 setBundles.log 读取：产品类型 及 Bundle 规格价格
INFO: 2022-02-18 22:39:32 680 	类型：IMG
INFO: 2022-02-18 22:39:32 682 	5 @ 450.0
INFO: 2022-02-18 22:39:32 683 	10 @ 800.0
INFO: 2022-02-18 22:39:32 747 	类型：FLAC
INFO: 2022-02-18 22:39:32 748 	3 @ 427.5
INFO: 2022-02-18 22:39:32 750 	6 @ 810.0
INFO: 2022-02-18 22:39:32 751 	9 @ 1147.5
INFO: 2022-02-18 22:39:32 818 	类型：VID
INFO: 2022-02-18 22:39:32 819 	3 @ 570.0
INFO: 2022-02-18 22:39:32 820 	5 @ 900.0
INFO: 2022-02-18 22:39:32 821 	9 @ 1530.0
INFO: 2022-02-18 22:39:32 835 ---- 下单：类型 VID 数量 13 ----
INFO: 2022-02-18 22:39:32 847 ---- 花费：2370.0 分解如下：
INFO: 2022-02-18 22:39:32 848 		1 * 3 ~ 570.0
INFO: 2022-02-18 22:39:32 861 		2 * 5 ~ 900.0
INFO: 2022-02-18 22:39:32 864 ---- 下单：类型 IMG 数量 10 ----
INFO: 2022-02-18 22:39:32 877 ---- 花费：800.0 分解如下：
INFO: 2022-02-18 22:39:32 878 		1 * 10 ~ 800.0
INFO: 2022-02-18 22:39:32 880 ---- 下单：类型 FLAC 数量 15 ----
INFO: 2022-02-18 22:39:32 891 ---- 花费：1957.5 分解如下：
INFO: 2022-02-18 22:39:32 895 		1 * 6 ~ 810.0
INFO: 2022-02-18 22:39:32 896 		1 * 9 ~ 1147.5
